--- 2020-05-23 17:26:59.745 [           main] INFO          org.moqui.impl.webapp.MoquiContextListener []
 Loading Webapp 'webroot' (Moqui Root Webapp) on ROOT, located at: /home/utah/java/moqui-selenium-test/execwartmp/ROOT/webapp
--- 2020-05-23 17:26:59.778 [           main] ERROR         org.moqui.impl.webapp.MoquiContextListener []
 Error initializing webapp context: java.lang.reflect.InvocationTargetException
java.lang.reflect.InvocationTargetException: null
	at sun.reflect.NativeConstructorAccessorImpl.newInstance0(Native Method) ~[?:1.8.0_252]
	at sun.reflect.NativeConstructorAccessorImpl.newInstance(NativeConstructorAccessorImpl.java:62) ~[?:1.8.0_252]
	at sun.reflect.DelegatingConstructorAccessorImpl.newInstance(DelegatingConstructorAccessorImpl.java:45) ~[?:1.8.0_252]
	at java.lang.reflect.Constructor.newInstance(Constructor.java:423) ~[?:1.8.0_252]
	at org.moqui.Moqui.dynamicInit(Moqui.java:62) ~[moqui-framework-3.0.0-rc2.jar:3.0.0-rc2]
	at org.moqui.impl.webapp.MoquiContextListener.contextInitialized(MoquiContextListener.groovy:67) [moqui-framework-3.0.0-rc2.jar:3.0.0-rc2]
	at org.eclipse.jetty.server.handler.ContextHandler.callContextInitialized(ContextHandler.java:933) [moqui_temp3633871776210301539execlib_jetty-server-9.4.27.v20200227.jar.:9.4.27.v20200227]
	at org.eclipse.jetty.servlet.ServletContextHandler.callContextInitialized(ServletContextHandler.java:553) [moqui_temp8214873004897281602execlib_jetty-servlet-9.4.27.v20200227.jar.:9.4.27.v20200227]
	at org.eclipse.jetty.server.handler.ContextHandler.startContext(ContextHandler.java:892) [moqui_temp3633871776210301539execlib_jetty-server-9.4.27.v20200227.jar.:9.4.27.v20200227]
	at org.eclipse.jetty.servlet.ServletContextHandler.startContext(ServletContextHandler.java:356) [moqui_temp8214873004897281602execlib_jetty-servlet-9.4.27.v20200227.jar.:9.4.27.v20200227]
	at org.eclipse.jetty.webapp.WebAppContext.startWebapp(WebAppContext.java:1445) [moqui_temp3364195527727063087execlib_jetty-webapp-9.4.27.v20200227.jar.:9.4.27.v20200227]
	at org.eclipse.jetty.webapp.WebAppContext.startContext(WebAppContext.java:1409) [moqui_temp3364195527727063087execlib_jetty-webapp-9.4.27.v20200227.jar.:9.4.27.v20200227]
	at org.eclipse.jetty.server.handler.ContextHandler.doStart(ContextHandler.java:825) [moqui_temp3633871776210301539execlib_jetty-server-9.4.27.v20200227.jar.:9.4.27.v20200227]
	at org.eclipse.jetty.servlet.ServletContextHandler.doStart(ServletContextHandler.java:275) [moqui_temp8214873004897281602execlib_jetty-servlet-9.4.27.v20200227.jar.:9.4.27.v20200227]
	at org.eclipse.jetty.webapp.WebAppContext.doStart(WebAppContext.java:524) [moqui_temp3364195527727063087execlib_jetty-webapp-9.4.27.v20200227.jar.:9.4.27.v20200227]
	at org.eclipse.jetty.util.component.AbstractLifeCycle.start(AbstractLifeCycle.java:72) [moqui_temp4504876911369509959execlib_jetty-util-9.4.27.v20200227.jar.:9.4.27.v20200227]
	at org.eclipse.jetty.util.component.ContainerLifeCycle.start(ContainerLifeCycle.java:169) [moqui_temp4504876911369509959execlib_jetty-util-9.4.27.v20200227.jar.:9.4.27.v20200227]
	at org.eclipse.jetty.util.component.ContainerLifeCycle.doStart(ContainerLifeCycle.java:110) [moqui_temp4504876911369509959execlib_jetty-util-9.4.27.v20200227.jar.:9.4.27.v20200227]
	at org.eclipse.jetty.server.handler.AbstractHandler.doStart(AbstractHandler.java:97) [moqui_temp3633871776210301539execlib_jetty-server-9.4.27.v20200227.jar.:9.4.27.v20200227]
	at org.eclipse.jetty.server.handler.gzip.GzipHandler.doStart(GzipHandler.java:425) [moqui_temp3633871776210301539execlib_jetty-server-9.4.27.v20200227.jar.:9.4.27.v20200227]
	at org.eclipse.jetty.util.component.AbstractLifeCycle.start(AbstractLifeCycle.java:72) [moqui_temp4504876911369509959execlib_jetty-util-9.4.27.v20200227.jar.:9.4.27.v20200227]
	at org.eclipse.jetty.util.component.ContainerLifeCycle.start(ContainerLifeCycle.java:169) [moqui_temp4504876911369509959execlib_jetty-util-9.4.27.v20200227.jar.:9.4.27.v20200227]
	at org.eclipse.jetty.server.Server.start(Server.java:407) [moqui_temp3633871776210301539execlib_jetty-server-9.4.27.v20200227.jar.:9.4.27.v20200227]
	at org.eclipse.jetty.util.component.ContainerLifeCycle.doStart(ContainerLifeCycle.java:110) [moqui_temp4504876911369509959execlib_jetty-util-9.4.27.v20200227.jar.:9.4.27.v20200227]
	at org.eclipse.jetty.server.handler.AbstractHandler.doStart(AbstractHandler.java:97) [moqui_temp3633871776210301539execlib_jetty-server-9.4.27.v20200227.jar.:9.4.27.v20200227]
	at org.eclipse.jetty.server.Server.doStart(Server.java:371) [moqui_temp3633871776210301539execlib_jetty-server-9.4.27.v20200227.jar.:9.4.27.v20200227]
	at org.eclipse.jetty.util.component.AbstractLifeCycle.start(AbstractLifeCycle.java:72) [moqui_temp4504876911369509959execlib_jetty-util-9.4.27.v20200227.jar.:9.4.27.v20200227]
	at sun.reflect.NativeMethodAccessorImpl.invoke0(Native Method) ~[?:1.8.0_252]
	at sun.reflect.NativeMethodAccessorImpl.invoke(NativeMethodAccessorImpl.java:62) ~[?:1.8.0_252]
	at sun.reflect.DelegatingMethodAccessorImpl.invoke(DelegatingMethodAccessorImpl.java:43) ~[?:1.8.0_252]
	at java.lang.reflect.Method.invoke(Method.java:498) ~[?:1.8.0_252]
	at MoquiStart.main(MoquiStart.java:288) [moqui.war:?]
Caused by: java.lang.IllegalArgumentException: The moqui.conf path [/home/utah/java/moqui-selenium-test/conf/MoquiProductionConf.xml] was not found.
	at org.moqui.impl.context.ExecutionContextFactoryImpl.<init>(ExecutionContextFactoryImpl.groovy:194) ~[moqui-framework-3.0.0-rc2.jar:3.0.0-rc2]
	... 32 more
--- 2020-05-23 17:35:09.855 [           main] INFO          org.moqui.impl.webapp.MoquiContextListener []
 Loading Webapp 'webroot' (Moqui Root Webapp) on ROOT, located at: /home/utah/java/moqui-selenium-test/execwartmp/ROOT/webapp
--- 2020-05-23 17:35:09.888 [           main] ERROR         org.moqui.impl.webapp.MoquiContextListener []
 Error initializing webapp context: java.lang.reflect.InvocationTargetException
java.lang.reflect.InvocationTargetException: null
	at sun.reflect.NativeConstructorAccessorImpl.newInstance0(Native Method) ~[?:1.8.0_252]
	at sun.reflect.NativeConstructorAccessorImpl.newInstance(NativeConstructorAccessorImpl.java:62) ~[?:1.8.0_252]
	at sun.reflect.DelegatingConstructorAccessorImpl.newInstance(DelegatingConstructorAccessorImpl.java:45) ~[?:1.8.0_252]
	at java.lang.reflect.Constructor.newInstance(Constructor.java:423) ~[?:1.8.0_252]
	at org.moqui.Moqui.dynamicInit(Moqui.java:62) ~[moqui-framework-3.0.0-rc2.jar:3.0.0-rc2]
	at org.moqui.impl.webapp.MoquiContextListener.contextInitialized(MoquiContextListener.groovy:67) [moqui-framework-3.0.0-rc2.jar:3.0.0-rc2]
	at org.eclipse.jetty.server.handler.ContextHandler.callContextInitialized(ContextHandler.java:933) [moqui_temp755891063328388625execlib_jetty-server-9.4.27.v20200227.jar.:9.4.27.v20200227]
	at org.eclipse.jetty.servlet.ServletContextHandler.callContextInitialized(ServletContextHandler.java:553) [moqui_temp344489993423852196execlib_jetty-servlet-9.4.27.v20200227.jar.:9.4.27.v20200227]
	at org.eclipse.jetty.server.handler.ContextHandler.startContext(ContextHandler.java:892) [moqui_temp755891063328388625execlib_jetty-server-9.4.27.v20200227.jar.:9.4.27.v20200227]
	at org.eclipse.jetty.servlet.ServletContextHandler.startContext(ServletContextHandler.java:356) [moqui_temp344489993423852196execlib_jetty-servlet-9.4.27.v20200227.jar.:9.4.27.v20200227]
	at org.eclipse.jetty.webapp.WebAppContext.startWebapp(WebAppContext.java:1445) [moqui_temp2690985340314902503execlib_jetty-webapp-9.4.27.v20200227.jar.:9.4.27.v20200227]
	at org.eclipse.jetty.webapp.WebAppContext.startContext(WebAppContext.java:1409) [moqui_temp2690985340314902503execlib_jetty-webapp-9.4.27.v20200227.jar.:9.4.27.v20200227]
	at org.eclipse.jetty.server.handler.ContextHandler.doStart(ContextHandler.java:825) [moqui_temp755891063328388625execlib_jetty-server-9.4.27.v20200227.jar.:9.4.27.v20200227]
	at org.eclipse.jetty.servlet.ServletContextHandler.doStart(ServletContextHandler.java:275) [moqui_temp344489993423852196execlib_jetty-servlet-9.4.27.v20200227.jar.:9.4.27.v20200227]
	at org.eclipse.jetty.webapp.WebAppContext.doStart(WebAppContext.java:524) [moqui_temp2690985340314902503execlib_jetty-webapp-9.4.27.v20200227.jar.:9.4.27.v20200227]
	at org.eclipse.jetty.util.component.AbstractLifeCycle.start(AbstractLifeCycle.java:72) [moqui_temp4708085381181128026execlib_jetty-util-9.4.27.v20200227.jar.:9.4.27.v20200227]
	at org.eclipse.jetty.util.component.ContainerLifeCycle.start(ContainerLifeCycle.java:169) [moqui_temp4708085381181128026execlib_jetty-util-9.4.27.v20200227.jar.:9.4.27.v20200227]
	at org.eclipse.jetty.util.component.ContainerLifeCycle.doStart(ContainerLifeCycle.java:110) [moqui_temp4708085381181128026execlib_jetty-util-9.4.27.v20200227.jar.:9.4.27.v20200227]
	at org.eclipse.jetty.server.handler.AbstractHandler.doStart(AbstractHandler.java:97) [moqui_temp755891063328388625execlib_jetty-server-9.4.27.v20200227.jar.:9.4.27.v20200227]
	at org.eclipse.jetty.server.handler.gzip.GzipHandler.doStart(GzipHandler.java:425) [moqui_temp755891063328388625execlib_jetty-server-9.4.27.v20200227.jar.:9.4.27.v20200227]
	at org.eclipse.jetty.util.component.AbstractLifeCycle.start(AbstractLifeCycle.java:72) [moqui_temp4708085381181128026execlib_jetty-util-9.4.27.v20200227.jar.:9.4.27.v20200227]
	at org.eclipse.jetty.util.component.ContainerLifeCycle.start(ContainerLifeCycle.java:169) [moqui_temp4708085381181128026execlib_jetty-util-9.4.27.v20200227.jar.:9.4.27.v20200227]
	at org.eclipse.jetty.server.Server.start(Server.java:407) [moqui_temp755891063328388625execlib_jetty-server-9.4.27.v20200227.jar.:9.4.27.v20200227]
	at org.eclipse.jetty.util.component.ContainerLifeCycle.doStart(ContainerLifeCycle.java:110) [moqui_temp4708085381181128026execlib_jetty-util-9.4.27.v20200227.jar.:9.4.27.v20200227]
	at org.eclipse.jetty.server.handler.AbstractHandler.doStart(AbstractHandler.java:97) [moqui_temp755891063328388625execlib_jetty-server-9.4.27.v20200227.jar.:9.4.27.v20200227]
	at org.eclipse.jetty.server.Server.doStart(Server.java:371) [moqui_temp755891063328388625execlib_jetty-server-9.4.27.v20200227.jar.:9.4.27.v20200227]
	at org.eclipse.jetty.util.component.AbstractLifeCycle.start(AbstractLifeCycle.java:72) [moqui_temp4708085381181128026execlib_jetty-util-9.4.27.v20200227.jar.:9.4.27.v20200227]
	at sun.reflect.NativeMethodAccessorImpl.invoke0(Native Method) ~[?:1.8.0_252]
	at sun.reflect.NativeMethodAccessorImpl.invoke(NativeMethodAccessorImpl.java:62) ~[?:1.8.0_252]
	at sun.reflect.DelegatingMethodAccessorImpl.invoke(DelegatingMethodAccessorImpl.java:43) ~[?:1.8.0_252]
	at java.lang.reflect.Method.invoke(Method.java:498) ~[?:1.8.0_252]
	at MoquiStart.main(MoquiStart.java:288) [moqui.war:?]
Caused by: java.lang.IllegalArgumentException: The moqui.conf path [/home/utah/java/moqui-selenium-test/conf/MoquiProductionConf.xml] was not found.
	at org.moqui.impl.context.ExecutionContextFactoryImpl.<init>(ExecutionContextFactoryImpl.groovy:194) ~[moqui-framework-3.0.0-rc2.jar:3.0.0-rc2]
	... 32 more
--- 2020-05-23 19:25:29.780 [           main] INFO          org.moqui.impl.webapp.MoquiContextListener []
 Loading Webapp 'webroot' (Moqui Root Webapp) on ROOT, located at: /home/utah/java/moqui-selenium-test/execwartmp/ROOT/webapp
--- 2020-05-23 19:25:29.820 [           main] ERROR         org.moqui.impl.webapp.MoquiContextListener []
 Error initializing webapp context: java.lang.reflect.InvocationTargetException
java.lang.reflect.InvocationTargetException: null
	at sun.reflect.NativeConstructorAccessorImpl.newInstance0(Native Method) ~[?:1.8.0_252]
	at sun.reflect.NativeConstructorAccessorImpl.newInstance(NativeConstructorAccessorImpl.java:62) ~[?:1.8.0_252]
	at sun.reflect.DelegatingConstructorAccessorImpl.newInstance(DelegatingConstructorAccessorImpl.java:45) ~[?:1.8.0_252]
	at java.lang.reflect.Constructor.newInstance(Constructor.java:423) ~[?:1.8.0_252]
	at org.moqui.Moqui.dynamicInit(Moqui.java:62) ~[moqui-framework-3.0.0-rc2.jar:3.0.0-rc2]
	at org.moqui.impl.webapp.MoquiContextListener.contextInitialized(MoquiContextListener.groovy:67) [moqui-framework-3.0.0-rc2.jar:3.0.0-rc2]
	at org.eclipse.jetty.server.handler.ContextHandler.callContextInitialized(ContextHandler.java:933) [moqui_temp1320363914967513042execlib_jetty-server-9.4.27.v20200227.jar.:9.4.27.v20200227]
	at org.eclipse.jetty.servlet.ServletContextHandler.callContextInitialized(ServletContextHandler.java:553) [moqui_temp2541444412545437094execlib_jetty-servlet-9.4.27.v20200227.jar.:9.4.27.v20200227]
	at org.eclipse.jetty.server.handler.ContextHandler.startContext(ContextHandler.java:892) [moqui_temp1320363914967513042execlib_jetty-server-9.4.27.v20200227.jar.:9.4.27.v20200227]
	at org.eclipse.jetty.servlet.ServletContextHandler.startContext(ServletContextHandler.java:356) [moqui_temp2541444412545437094execlib_jetty-servlet-9.4.27.v20200227.jar.:9.4.27.v20200227]
	at org.eclipse.jetty.webapp.WebAppContext.startWebapp(WebAppContext.java:1445) [moqui_temp6828784867288572346execlib_jetty-webapp-9.4.27.v20200227.jar.:9.4.27.v20200227]
	at org.eclipse.jetty.webapp.WebAppContext.startContext(WebAppContext.java:1409) [moqui_temp6828784867288572346execlib_jetty-webapp-9.4.27.v20200227.jar.:9.4.27.v20200227]
	at org.eclipse.jetty.server.handler.ContextHandler.doStart(ContextHandler.java:825) [moqui_temp1320363914967513042execlib_jetty-server-9.4.27.v20200227.jar.:9.4.27.v20200227]
	at org.eclipse.jetty.servlet.ServletContextHandler.doStart(ServletContextHandler.java:275) [moqui_temp2541444412545437094execlib_jetty-servlet-9.4.27.v20200227.jar.:9.4.27.v20200227]
	at org.eclipse.jetty.webapp.WebAppContext.doStart(WebAppContext.java:524) [moqui_temp6828784867288572346execlib_jetty-webapp-9.4.27.v20200227.jar.:9.4.27.v20200227]
	at org.eclipse.jetty.util.component.AbstractLifeCycle.start(AbstractLifeCycle.java:72) [moqui_temp5419538487682675342execlib_jetty-util-9.4.27.v20200227.jar.:9.4.27.v20200227]
	at org.eclipse.jetty.util.component.ContainerLifeCycle.start(ContainerLifeCycle.java:169) [moqui_temp5419538487682675342execlib_jetty-util-9.4.27.v20200227.jar.:9.4.27.v20200227]
	at org.eclipse.jetty.util.component.ContainerLifeCycle.doStart(ContainerLifeCycle.java:110) [moqui_temp5419538487682675342execlib_jetty-util-9.4.27.v20200227.jar.:9.4.27.v20200227]
	at org.eclipse.jetty.server.handler.AbstractHandler.doStart(AbstractHandler.java:97) [moqui_temp1320363914967513042execlib_jetty-server-9.4.27.v20200227.jar.:9.4.27.v20200227]
	at org.eclipse.jetty.server.handler.gzip.GzipHandler.doStart(GzipHandler.java:425) [moqui_temp1320363914967513042execlib_jetty-server-9.4.27.v20200227.jar.:9.4.27.v20200227]
	at org.eclipse.jetty.util.component.AbstractLifeCycle.start(AbstractLifeCycle.java:72) [moqui_temp5419538487682675342execlib_jetty-util-9.4.27.v20200227.jar.:9.4.27.v20200227]
	at org.eclipse.jetty.util.component.ContainerLifeCycle.start(ContainerLifeCycle.java:169) [moqui_temp5419538487682675342execlib_jetty-util-9.4.27.v20200227.jar.:9.4.27.v20200227]
	at org.eclipse.jetty.server.Server.start(Server.java:407) [moqui_temp1320363914967513042execlib_jetty-server-9.4.27.v20200227.jar.:9.4.27.v20200227]
	at org.eclipse.jetty.util.component.ContainerLifeCycle.doStart(ContainerLifeCycle.java:110) [moqui_temp5419538487682675342execlib_jetty-util-9.4.27.v20200227.jar.:9.4.27.v20200227]
	at org.eclipse.jetty.server.handler.AbstractHandler.doStart(AbstractHandler.java:97) [moqui_temp1320363914967513042execlib_jetty-server-9.4.27.v20200227.jar.:9.4.27.v20200227]
	at org.eclipse.jetty.server.Server.doStart(Server.java:371) [moqui_temp1320363914967513042execlib_jetty-server-9.4.27.v20200227.jar.:9.4.27.v20200227]
	at org.eclipse.jetty.util.component.AbstractLifeCycle.start(AbstractLifeCycle.java:72) [moqui_temp5419538487682675342execlib_jetty-util-9.4.27.v20200227.jar.:9.4.27.v20200227]
	at sun.reflect.NativeMethodAccessorImpl.invoke0(Native Method) ~[?:1.8.0_252]
	at sun.reflect.NativeMethodAccessorImpl.invoke(NativeMethodAccessorImpl.java:62) ~[?:1.8.0_252]
	at sun.reflect.DelegatingMethodAccessorImpl.invoke(DelegatingMethodAccessorImpl.java:43) ~[?:1.8.0_252]
	at java.lang.reflect.Method.invoke(Method.java:498) ~[?:1.8.0_252]
	at MoquiStart.main(MoquiStart.java:288) [moqui.war:?]
Caused by: java.lang.IllegalArgumentException: The moqui.conf path [/home/utah/java/moqui-selenium-test/conf/MoquiProductionConf.xml] was not found.
	at org.moqui.impl.context.ExecutionContextFactoryImpl.<init>(ExecutionContextFactoryImpl.groovy:194) ~[moqui-framework-3.0.0-rc2.jar:3.0.0-rc2]
	... 32 more
--- 2020-05-23 20:14:11.090 [           main] INFO          org.moqui.impl.webapp.MoquiContextListener []
 Loading Webapp 'webroot' (Moqui Root Webapp) on ROOT, located at: /home/utah/java/moqui-selenium-test/execwartmp/ROOT/webapp
--- 2020-05-23 20:14:11.143 [           main] ERROR         org.moqui.impl.webapp.MoquiContextListener []
 Error initializing webapp context: java.lang.reflect.InvocationTargetException
java.lang.reflect.InvocationTargetException: null
	at sun.reflect.NativeConstructorAccessorImpl.newInstance0(Native Method) ~[?:1.8.0_252]
	at sun.reflect.NativeConstructorAccessorImpl.newInstance(NativeConstructorAccessorImpl.java:62) ~[?:1.8.0_252]
	at sun.reflect.DelegatingConstructorAccessorImpl.newInstance(DelegatingConstructorAccessorImpl.java:45) ~[?:1.8.0_252]
	at java.lang.reflect.Constructor.newInstance(Constructor.java:423) ~[?:1.8.0_252]
	at org.moqui.Moqui.dynamicInit(Moqui.java:62) ~[moqui-framework-3.0.0-rc2.jar:3.0.0-rc2]
	at org.moqui.impl.webapp.MoquiContextListener.contextInitialized(MoquiContextListener.groovy:67) [moqui-framework-3.0.0-rc2.jar:3.0.0-rc2]
	at org.eclipse.jetty.server.handler.ContextHandler.callContextInitialized(ContextHandler.java:933) [moqui_temp5621494799803735555execlib_jetty-server-9.4.27.v20200227.jar.:9.4.27.v20200227]
	at org.eclipse.jetty.servlet.ServletContextHandler.callContextInitialized(ServletContextHandler.java:553) [moqui_temp281916825582018544execlib_jetty-servlet-9.4.27.v20200227.jar.:9.4.27.v20200227]
	at org.eclipse.jetty.server.handler.ContextHandler.startContext(ContextHandler.java:892) [moqui_temp5621494799803735555execlib_jetty-server-9.4.27.v20200227.jar.:9.4.27.v20200227]
	at org.eclipse.jetty.servlet.ServletContextHandler.startContext(ServletContextHandler.java:356) [moqui_temp281916825582018544execlib_jetty-servlet-9.4.27.v20200227.jar.:9.4.27.v20200227]
	at org.eclipse.jetty.webapp.WebAppContext.startWebapp(WebAppContext.java:1445) [moqui_temp8841246377288113429execlib_jetty-webapp-9.4.27.v20200227.jar.:9.4.27.v20200227]
	at org.eclipse.jetty.webapp.WebAppContext.startContext(WebAppContext.java:1409) [moqui_temp8841246377288113429execlib_jetty-webapp-9.4.27.v20200227.jar.:9.4.27.v20200227]
	at org.eclipse.jetty.server.handler.ContextHandler.doStart(ContextHandler.java:825) [moqui_temp5621494799803735555execlib_jetty-server-9.4.27.v20200227.jar.:9.4.27.v20200227]
	at org.eclipse.jetty.servlet.ServletContextHandler.doStart(ServletContextHandler.java:275) [moqui_temp281916825582018544execlib_jetty-servlet-9.4.27.v20200227.jar.:9.4.27.v20200227]
	at org.eclipse.jetty.webapp.WebAppContext.doStart(WebAppContext.java:524) [moqui_temp8841246377288113429execlib_jetty-webapp-9.4.27.v20200227.jar.:9.4.27.v20200227]
	at org.eclipse.jetty.util.component.AbstractLifeCycle.start(AbstractLifeCycle.java:72) [moqui_temp7374162803164847688execlib_jetty-util-9.4.27.v20200227.jar.:9.4.27.v20200227]
	at org.eclipse.jetty.util.component.ContainerLifeCycle.start(ContainerLifeCycle.java:169) [moqui_temp7374162803164847688execlib_jetty-util-9.4.27.v20200227.jar.:9.4.27.v20200227]
	at org.eclipse.jetty.util.component.ContainerLifeCycle.doStart(ContainerLifeCycle.java:110) [moqui_temp7374162803164847688execlib_jetty-util-9.4.27.v20200227.jar.:9.4.27.v20200227]
	at org.eclipse.jetty.server.handler.AbstractHandler.doStart(AbstractHandler.java:97) [moqui_temp5621494799803735555execlib_jetty-server-9.4.27.v20200227.jar.:9.4.27.v20200227]
	at org.eclipse.jetty.server.handler.gzip.GzipHandler.doStart(GzipHandler.java:425) [moqui_temp5621494799803735555execlib_jetty-server-9.4.27.v20200227.jar.:9.4.27.v20200227]
	at org.eclipse.jetty.util.component.AbstractLifeCycle.start(AbstractLifeCycle.java:72) [moqui_temp7374162803164847688execlib_jetty-util-9.4.27.v20200227.jar.:9.4.27.v20200227]
	at org.eclipse.jetty.util.component.ContainerLifeCycle.start(ContainerLifeCycle.java:169) [moqui_temp7374162803164847688execlib_jetty-util-9.4.27.v20200227.jar.:9.4.27.v20200227]
	at org.eclipse.jetty.server.Server.start(Server.java:407) [moqui_temp5621494799803735555execlib_jetty-server-9.4.27.v20200227.jar.:9.4.27.v20200227]
	at org.eclipse.jetty.util.component.ContainerLifeCycle.doStart(ContainerLifeCycle.java:110) [moqui_temp7374162803164847688execlib_jetty-util-9.4.27.v20200227.jar.:9.4.27.v20200227]
	at org.eclipse.jetty.server.handler.AbstractHandler.doStart(AbstractHandler.java:97) [moqui_temp5621494799803735555execlib_jetty-server-9.4.27.v20200227.jar.:9.4.27.v20200227]
	at org.eclipse.jetty.server.Server.doStart(Server.java:371) [moqui_temp5621494799803735555execlib_jetty-server-9.4.27.v20200227.jar.:9.4.27.v20200227]
	at org.eclipse.jetty.util.component.AbstractLifeCycle.start(AbstractLifeCycle.java:72) [moqui_temp7374162803164847688execlib_jetty-util-9.4.27.v20200227.jar.:9.4.27.v20200227]
	at sun.reflect.NativeMethodAccessorImpl.invoke0(Native Method) ~[?:1.8.0_252]
	at sun.reflect.NativeMethodAccessorImpl.invoke(NativeMethodAccessorImpl.java:62) ~[?:1.8.0_252]
	at sun.reflect.DelegatingMethodAccessorImpl.invoke(DelegatingMethodAccessorImpl.java:43) ~[?:1.8.0_252]
	at java.lang.reflect.Method.invoke(Method.java:498) ~[?:1.8.0_252]
	at MoquiStart.main(MoquiStart.java:288) [moqui.war:?]
Caused by: java.lang.IllegalArgumentException: The moqui.conf path [/home/utah/java/moqui-selenium-test/conf/MoquiProductionConf.xml] was not found.
	at org.moqui.impl.context.ExecutionContextFactoryImpl.<init>(ExecutionContextFactoryImpl.groovy:194) ~[moqui-framework-3.0.0-rc2.jar:3.0.0-rc2]
	... 32 more
--- 2020-05-23 20:17:35.339 [           main] INFO          org.moqui.impl.webapp.MoquiContextListener []
 Loading Webapp 'webroot' (Moqui Root Webapp) on ROOT, located at: /home/utah/java/moqui-selenium-test/execwartmp/ROOT/webapp
--- 2020-05-23 20:17:35.373 [           main] ERROR         org.moqui.impl.webapp.MoquiContextListener []
 Error initializing webapp context: java.lang.reflect.InvocationTargetException
java.lang.reflect.InvocationTargetException: null
	at sun.reflect.NativeConstructorAccessorImpl.newInstance0(Native Method) ~[?:1.8.0_252]
	at sun.reflect.NativeConstructorAccessorImpl.newInstance(NativeConstructorAccessorImpl.java:62) ~[?:1.8.0_252]
	at sun.reflect.DelegatingConstructorAccessorImpl.newInstance(DelegatingConstructorAccessorImpl.java:45) ~[?:1.8.0_252]
	at java.lang.reflect.Constructor.newInstance(Constructor.java:423) ~[?:1.8.0_252]
	at org.moqui.Moqui.dynamicInit(Moqui.java:62) ~[moqui-framework-3.0.0-rc2.jar:3.0.0-rc2]
	at org.moqui.impl.webapp.MoquiContextListener.contextInitialized(MoquiContextListener.groovy:67) [moqui-framework-3.0.0-rc2.jar:3.0.0-rc2]
	at org.eclipse.jetty.server.handler.ContextHandler.callContextInitialized(ContextHandler.java:933) [moqui_temp1517067136626148217execlib_jetty-server-9.4.27.v20200227.jar.:9.4.27.v20200227]
	at org.eclipse.jetty.servlet.ServletContextHandler.callContextInitialized(ServletContextHandler.java:553) [moqui_temp2155032008551108042execlib_jetty-servlet-9.4.27.v20200227.jar.:9.4.27.v20200227]
	at org.eclipse.jetty.server.handler.ContextHandler.startContext(ContextHandler.java:892) [moqui_temp1517067136626148217execlib_jetty-server-9.4.27.v20200227.jar.:9.4.27.v20200227]
	at org.eclipse.jetty.servlet.ServletContextHandler.startContext(ServletContextHandler.java:356) [moqui_temp2155032008551108042execlib_jetty-servlet-9.4.27.v20200227.jar.:9.4.27.v20200227]
	at org.eclipse.jetty.webapp.WebAppContext.startWebapp(WebAppContext.java:1445) [moqui_temp8851144773147668480execlib_jetty-webapp-9.4.27.v20200227.jar.:9.4.27.v20200227]
	at org.eclipse.jetty.webapp.WebAppContext.startContext(WebAppContext.java:1409) [moqui_temp8851144773147668480execlib_jetty-webapp-9.4.27.v20200227.jar.:9.4.27.v20200227]
	at org.eclipse.jetty.server.handler.ContextHandler.doStart(ContextHandler.java:825) [moqui_temp1517067136626148217execlib_jetty-server-9.4.27.v20200227.jar.:9.4.27.v20200227]
	at org.eclipse.jetty.servlet.ServletContextHandler.doStart(ServletContextHandler.java:275) [moqui_temp2155032008551108042execlib_jetty-servlet-9.4.27.v20200227.jar.:9.4.27.v20200227]
	at org.eclipse.jetty.webapp.WebAppContext.doStart(WebAppContext.java:524) [moqui_temp8851144773147668480execlib_jetty-webapp-9.4.27.v20200227.jar.:9.4.27.v20200227]
	at org.eclipse.jetty.util.component.AbstractLifeCycle.start(AbstractLifeCycle.java:72) [moqui_temp8163322665535695088execlib_jetty-util-9.4.27.v20200227.jar.:9.4.27.v20200227]
	at org.eclipse.jetty.util.component.ContainerLifeCycle.start(ContainerLifeCycle.java:169) [moqui_temp8163322665535695088execlib_jetty-util-9.4.27.v20200227.jar.:9.4.27.v20200227]
	at org.eclipse.jetty.util.component.ContainerLifeCycle.doStart(ContainerLifeCycle.java:110) [moqui_temp8163322665535695088execlib_jetty-util-9.4.27.v20200227.jar.:9.4.27.v20200227]
	at org.eclipse.jetty.server.handler.AbstractHandler.doStart(AbstractHandler.java:97) [moqui_temp1517067136626148217execlib_jetty-server-9.4.27.v20200227.jar.:9.4.27.v20200227]
	at org.eclipse.jetty.server.handler.gzip.GzipHandler.doStart(GzipHandler.java:425) [moqui_temp1517067136626148217execlib_jetty-server-9.4.27.v20200227.jar.:9.4.27.v20200227]
	at org.eclipse.jetty.util.component.AbstractLifeCycle.start(AbstractLifeCycle.java:72) [moqui_temp8163322665535695088execlib_jetty-util-9.4.27.v20200227.jar.:9.4.27.v20200227]
	at org.eclipse.jetty.util.component.ContainerLifeCycle.start(ContainerLifeCycle.java:169) [moqui_temp8163322665535695088execlib_jetty-util-9.4.27.v20200227.jar.:9.4.27.v20200227]
	at org.eclipse.jetty.server.Server.start(Server.java:407) [moqui_temp1517067136626148217execlib_jetty-server-9.4.27.v20200227.jar.:9.4.27.v20200227]
	at org.eclipse.jetty.util.component.ContainerLifeCycle.doStart(ContainerLifeCycle.java:110) [moqui_temp8163322665535695088execlib_jetty-util-9.4.27.v20200227.jar.:9.4.27.v20200227]
	at org.eclipse.jetty.server.handler.AbstractHandler.doStart(AbstractHandler.java:97) [moqui_temp1517067136626148217execlib_jetty-server-9.4.27.v20200227.jar.:9.4.27.v20200227]
	at org.eclipse.jetty.server.Server.doStart(Server.java:371) [moqui_temp1517067136626148217execlib_jetty-server-9.4.27.v20200227.jar.:9.4.27.v20200227]
	at org.eclipse.jetty.util.component.AbstractLifeCycle.start(AbstractLifeCycle.java:72) [moqui_temp8163322665535695088execlib_jetty-util-9.4.27.v20200227.jar.:9.4.27.v20200227]
	at sun.reflect.NativeMethodAccessorImpl.invoke0(Native Method) ~[?:1.8.0_252]
	at sun.reflect.NativeMethodAccessorImpl.invoke(NativeMethodAccessorImpl.java:62) ~[?:1.8.0_252]
	at sun.reflect.DelegatingMethodAccessorImpl.invoke(DelegatingMethodAccessorImpl.java:43) ~[?:1.8.0_252]
	at java.lang.reflect.Method.invoke(Method.java:498) ~[?:1.8.0_252]
	at MoquiStart.main(MoquiStart.java:288) [moqui.war:?]
Caused by: java.lang.IllegalArgumentException: The moqui.conf path [/home/utah/java/moqui-selenium-test/conf/MoquiProductionConf.xml] was not found.
	at org.moqui.impl.context.ExecutionContextFactoryImpl.<init>(ExecutionContextFactoryImpl.groovy:194) ~[moqui-framework-3.0.0-rc2.jar:3.0.0-rc2]
	... 32 more
--- 2020-06-02 13:03:58.463 [           main] INFO          org.moqui.impl.webapp.MoquiContextListener []
 Loading Webapp 'webroot' (Moqui Root Webapp) on ROOT, located at: /home/utah/java/moqui-selenium-test/execwartmp/ROOT/webapp
--- 2020-06-02 13:03:58.496 [           main] ERROR         org.moqui.impl.webapp.MoquiContextListener []
 Error initializing webapp context: java.lang.reflect.InvocationTargetException
java.lang.reflect.InvocationTargetException: null
	at sun.reflect.NativeConstructorAccessorImpl.newInstance0(Native Method) ~[?:1.8.0_252]
	at sun.reflect.NativeConstructorAccessorImpl.newInstance(NativeConstructorAccessorImpl.java:62) ~[?:1.8.0_252]
	at sun.reflect.DelegatingConstructorAccessorImpl.newInstance(DelegatingConstructorAccessorImpl.java:45) ~[?:1.8.0_252]
	at java.lang.reflect.Constructor.newInstance(Constructor.java:423) ~[?:1.8.0_252]
	at org.moqui.Moqui.dynamicInit(Moqui.java:62) ~[moqui-framework-3.0.0-rc2.jar:3.0.0-rc2]
	at org.moqui.impl.webapp.MoquiContextListener.contextInitialized(MoquiContextListener.groovy:67) [moqui-framework-3.0.0-rc2.jar:3.0.0-rc2]
	at org.eclipse.jetty.server.handler.ContextHandler.callContextInitialized(ContextHandler.java:933) [moqui_temp3187227751804766018execlib_jetty-server-9.4.27.v20200227.jar.:9.4.27.v20200227]
	at org.eclipse.jetty.servlet.ServletContextHandler.callContextInitialized(ServletContextHandler.java:553) [moqui_temp2672462324189967100execlib_jetty-servlet-9.4.27.v20200227.jar.:9.4.27.v20200227]
	at org.eclipse.jetty.server.handler.ContextHandler.startContext(ContextHandler.java:892) [moqui_temp3187227751804766018execlib_jetty-server-9.4.27.v20200227.jar.:9.4.27.v20200227]
	at org.eclipse.jetty.servlet.ServletContextHandler.startContext(ServletContextHandler.java:356) [moqui_temp2672462324189967100execlib_jetty-servlet-9.4.27.v20200227.jar.:9.4.27.v20200227]
	at org.eclipse.jetty.webapp.WebAppContext.startWebapp(WebAppContext.java:1445) [moqui_temp9211462969718190435execlib_jetty-webapp-9.4.27.v20200227.jar.:9.4.27.v20200227]
	at org.eclipse.jetty.webapp.WebAppContext.startContext(WebAppContext.java:1409) [moqui_temp9211462969718190435execlib_jetty-webapp-9.4.27.v20200227.jar.:9.4.27.v20200227]
	at org.eclipse.jetty.server.handler.ContextHandler.doStart(ContextHandler.java:825) [moqui_temp3187227751804766018execlib_jetty-server-9.4.27.v20200227.jar.:9.4.27.v20200227]
	at org.eclipse.jetty.servlet.ServletContextHandler.doStart(ServletContextHandler.java:275) [moqui_temp2672462324189967100execlib_jetty-servlet-9.4.27.v20200227.jar.:9.4.27.v20200227]
	at org.eclipse.jetty.webapp.WebAppContext.doStart(WebAppContext.java:524) [moqui_temp9211462969718190435execlib_jetty-webapp-9.4.27.v20200227.jar.:9.4.27.v20200227]
	at org.eclipse.jetty.util.component.AbstractLifeCycle.start(AbstractLifeCycle.java:72) [moqui_temp891637968222686314execlib_jetty-util-9.4.27.v20200227.jar.:9.4.27.v20200227]
	at org.eclipse.jetty.util.component.ContainerLifeCycle.start(ContainerLifeCycle.java:169) [moqui_temp891637968222686314execlib_jetty-util-9.4.27.v20200227.jar.:9.4.27.v20200227]
	at org.eclipse.jetty.util.component.ContainerLifeCycle.doStart(ContainerLifeCycle.java:110) [moqui_temp891637968222686314execlib_jetty-util-9.4.27.v20200227.jar.:9.4.27.v20200227]
	at org.eclipse.jetty.server.handler.AbstractHandler.doStart(AbstractHandler.java:97) [moqui_temp3187227751804766018execlib_jetty-server-9.4.27.v20200227.jar.:9.4.27.v20200227]
	at org.eclipse.jetty.server.handler.gzip.GzipHandler.doStart(GzipHandler.java:425) [moqui_temp3187227751804766018execlib_jetty-server-9.4.27.v20200227.jar.:9.4.27.v20200227]
	at org.eclipse.jetty.util.component.AbstractLifeCycle.start(AbstractLifeCycle.java:72) [moqui_temp891637968222686314execlib_jetty-util-9.4.27.v20200227.jar.:9.4.27.v20200227]
	at org.eclipse.jetty.util.component.ContainerLifeCycle.start(ContainerLifeCycle.java:169) [moqui_temp891637968222686314execlib_jetty-util-9.4.27.v20200227.jar.:9.4.27.v20200227]
	at org.eclipse.jetty.server.Server.start(Server.java:407) [moqui_temp3187227751804766018execlib_jetty-server-9.4.27.v20200227.jar.:9.4.27.v20200227]
	at org.eclipse.jetty.util.component.ContainerLifeCycle.doStart(ContainerLifeCycle.java:110) [moqui_temp891637968222686314execlib_jetty-util-9.4.27.v20200227.jar.:9.4.27.v20200227]
	at org.eclipse.jetty.server.handler.AbstractHandler.doStart(AbstractHandler.java:97) [moqui_temp3187227751804766018execlib_jetty-server-9.4.27.v20200227.jar.:9.4.27.v20200227]
	at org.eclipse.jetty.server.Server.doStart(Server.java:371) [moqui_temp3187227751804766018execlib_jetty-server-9.4.27.v20200227.jar.:9.4.27.v20200227]
	at org.eclipse.jetty.util.component.AbstractLifeCycle.start(AbstractLifeCycle.java:72) [moqui_temp891637968222686314execlib_jetty-util-9.4.27.v20200227.jar.:9.4.27.v20200227]
	at sun.reflect.NativeMethodAccessorImpl.invoke0(Native Method) ~[?:1.8.0_252]
	at sun.reflect.NativeMethodAccessorImpl.invoke(NativeMethodAccessorImpl.java:62) ~[?:1.8.0_252]
	at sun.reflect.DelegatingMethodAccessorImpl.invoke(DelegatingMethodAccessorImpl.java:43) ~[?:1.8.0_252]
	at java.lang.reflect.Method.invoke(Method.java:498) ~[?:1.8.0_252]
	at MoquiStart.main(MoquiStart.java:288) [moqui.war:?]
Caused by: java.lang.IllegalArgumentException: The moqui.conf path [/home/utah/java/moqui-selenium-test/conf/MoquiProductionConf.xml] was not found.
	at org.moqui.impl.context.ExecutionContextFactoryImpl.<init>(ExecutionContextFactoryImpl.groovy:194) ~[moqui-framework-3.0.0-rc2.jar:3.0.0-rc2]
	... 32 more
